src/App.tsx(4,1): error TS6133: 'getColors' is declared but its value is never read.
src/components/AdminDashboard.tsx(44,20): error TS6133: 'MembershipIcon' is declared but its value is never read.
src/components/AdminDashboard.tsx(45,12): error TS6133: 'SearchIcon' is declared but its value is never read.
src/components/AdminDashboard.tsx(46,10): error TS6133: 'EditIcon' is declared but its value is never read.
src/components/AdminDashboard.tsx(56,11): error TS6133: 'ErrorIcon' is declared but its value is never read.
src/components/AdminDashboard.tsx(648,7): error TS2769: No overload matches this call.
  Overload 1 of 2, '(props: { component: ElementType<any, keyof IntrinsicElements>; } & GridBaseProps & { sx?: SxProps<Theme> | undefined; } & SystemProps<...> & Omit<...>): Element | null', gave the following error.
    Property 'component' is missing in type '{ children: Element | null; item: true; xs: number; }' but required in type '{ component: ElementType<any, keyof IntrinsicElements>; }'.
  Overload 2 of 2, '(props: DefaultComponentProps<GridTypeMap<{}, "div">>): Element | null', gave the following error.
    Type '{ children: Element | null; item: true; xs: number; }' is not assignable to type 'IntrinsicAttributes & GridBaseProps & { sx?: SxProps<Theme> | undefined; } & SystemProps<Theme> & Omit<...>'.
      Property 'item' does not exist on type 'IntrinsicAttributes & GridBaseProps & { sx?: SxProps<Theme> | undefined; } & SystemProps<Theme> & Omit<...>'.
src/components/AdminDashboard.tsx(681,11): error TS2769: No overload matches this call.
  Overload 1 of 2, '(props: { component: ElementType<any, keyof IntrinsicElements>; } & GridBaseProps & { sx?: SxProps<Theme> | undefined; } & SystemProps<...> & Omit<...>): Element | null', gave the following error.
    Property 'component' is missing in type '{ children: Element; item: true; xs: number; sm: number; md: number; key: number; }' but required in type '{ component: ElementType<any, keyof IntrinsicElements>; }'.
  Overload 2 of 2, '(props: DefaultComponentProps<GridTypeMap<{}, "div">>): Element | null', gave the following error.
    Type '{ children: Element; item: true; xs: number; sm: number; md: number; key: number; }' is not assignable to type 'IntrinsicAttributes & GridBaseProps & { sx?: SxProps<Theme> | undefined; } & SystemProps<Theme> & Omit<...>'.
      Property 'item' does not exist on type 'IntrinsicAttributes & GridBaseProps & { sx?: SxProps<Theme> | undefined; } & SystemProps<Theme> & Omit<...>'.
src/components/AdminDashboard.tsx(694,20): error TS7053: Element implicitly has an 'any' type because expression of type 'any' can't be used to index type 'Palette'.
src/components/AdminDashboard.tsx(738,18): error TS7053: Element implicitly has an 'any' type because expression of type 'any' can't be used to index type 'Palette'.
src/components/AdminDashboard.tsx(754,19): error TS7053: Element implicitly has an 'any' type because expression of type 'any' can't be used to index type 'Palette'.
src/components/AdminDashboard.tsx(788,7): error TS2769: No overload matches this call.
  Overload 1 of 2, '(props: { component: ElementType<any, keyof IntrinsicElements>; } & GridBaseProps & { sx?: SxProps<Theme> | undefined; } & SystemProps<...> & Omit<...>): Element | null', gave the following error.
    Property 'component' is missing in type '{ children: Element; item: true; xs: number; lg: number; }' but required in type '{ component: ElementType<any, keyof IntrinsicElements>; }'.
  Overload 2 of 2, '(props: DefaultComponentProps<GridTypeMap<{}, "div">>): Element | null', gave the following error.
    Type '{ children: Element; item: true; xs: number; lg: number; }' is not assignable to type 'IntrinsicAttributes & GridBaseProps & { sx?: SxProps<Theme> | undefined; } & SystemProps<Theme> & Omit<...>'.
      Property 'item' does not exist on type 'IntrinsicAttributes & GridBaseProps & { sx?: SxProps<Theme> | undefined; } & SystemProps<Theme> & Omit<...>'.
src/components/AdminDashboard.tsx(889,7): error TS2769: No overload matches this call.
  Overload 1 of 2, '(props: { component: ElementType<any, keyof IntrinsicElements>; } & GridBaseProps & { sx?: SxProps<Theme> | undefined; } & SystemProps<...> & Omit<...>): Element | null', gave the following error.
    Property 'component' is missing in type '{ children: Element; item: true; xs: number; lg: number; }' but required in type '{ component: ElementType<any, keyof IntrinsicElements>; }'.
  Overload 2 of 2, '(props: DefaultComponentProps<GridTypeMap<{}, "div">>): Element | null', gave the following error.
    Type '{ children: Element; item: true; xs: number; lg: number; }' is not assignable to type 'IntrinsicAttributes & GridBaseProps & { sx?: SxProps<Theme> | undefined; } & SystemProps<Theme> & Omit<...>'.
      Property 'item' does not exist on type 'IntrinsicAttributes & GridBaseProps & { sx?: SxProps<Theme> | undefined; } & SystemProps<Theme> & Omit<...>'.
src/components/AdminDashboard.tsx(1033,9): error TS2769: No overload matches this call.
  Overload 1 of 2, '(props: { component: ElementType<any, keyof IntrinsicElements>; } & GridBaseProps & { sx?: SxProps<Theme> | undefined; } & SystemProps<...> & Omit<...>): Element | null', gave the following error.
    Property 'component' is missing in type '{ children: Element; item: true; xs: number; sm: number; md: number; key: number; }' but required in type '{ component: ElementType<any, keyof IntrinsicElements>; }'.
  Overload 2 of 2, '(props: DefaultComponentProps<GridTypeMap<{}, "div">>): Element | null', gave the following error.
    Type '{ children: Element; item: true; xs: number; sm: number; md: number; key: number; }' is not assignable to type 'IntrinsicAttributes & GridBaseProps & { sx?: SxProps<Theme> | undefined; } & SystemProps<Theme> & Omit<...>'.
      Property 'item' does not exist on type 'IntrinsicAttributes & GridBaseProps & { sx?: SxProps<Theme> | undefined; } & SystemProps<Theme> & Omit<...>'.
src/components/AudioPlayer.tsx(70,4): error TS2322: Type 'string | ((theme: any) => any)' is not assignable to type 'string | string[] | CanvasGradient | undefined'.
  Type '(theme: any) => any' is not assignable to type 'string | string[] | CanvasGradient | undefined'.
src/components/AudioPlayer.tsx(73,9): error TS7006: Parameter 'theme' implicitly has an 'any' type.
src/components/AudioPlayer.tsx(73,19): error TS2304: Cannot find name 'alpha'.
src/components/AudioUploader.tsx(459,13): error TS2304: Cannot find name 'alpha'.
src/components/AudioUploader.tsx(502,13): error TS2304: Cannot find name 'alpha'.
src/components/AudioUploader.tsx(541,31): error TS2304: Cannot find name 'alpha'.
src/components/AudioUploader.tsx(571,29): error TS2304: Cannot find name 'alpha'.
src/components/SecurityModal.tsx(38,2): error TS6133: 'mode' is declared but its value is never read.
src/components/SecurityModal.tsx(270,9): error TS17001: JSX elements cannot have multiple attributes with the same name.
src/components/Settings.tsx(691,22): error TS2304: Cannot find name 'alpha'.
src/components/SoapNoteEditor.tsx(16,2): error TS6133: 'getColors' is declared but its value is never read.
src/components/SubscriptionModal.tsx(14,1): error TS6133: 'alpha' is declared but its value is never read.
src/components/SubscriptionModal.tsx(32,8): error TS6133: 'extendedColors' is declared but its value is never read.
src/components/TitleBar.tsx(56,8): error TS6133: 'backgrounds' is declared but its value is never read.
src/components/UpgradeToProModal.tsx(15,1): error TS6133: 'alpha' is declared but its value is never read.
src/components/UpgradeToProModal.tsx(34,8): error TS6133: 'theme' is declared but its value is never read.
src/components/UploaderStyles.tsx(21,17): error TS2362: The left-hand side of an arithmetic operation must be of type 'any', 'number', 'bigint' or an enum type.
src/components/UploaderStyles.tsx(36,8): error TS6133: 'colors' is declared but its value is never read.
src/components/UploaderStyles.tsx(37,8): error TS6133: 'backgrounds' is declared but its value is never read.
src/components/UploaderStyles.tsx(44,17): error TS2362: The left-hand side of an arithmetic operation must be of type 'any', 'number', 'bigint' or an enum type.
